<?xml version="1.0" encoding="UTF-8"?>
<testsuites name="GET Test Suite" time="8.387" tests="2" failures="0" errors="0">
   <testsuite name="GET Test Suite" tests="2" failures="0" errors="0" time="8.387" skipped="0" timestamp="12-02-2024T15:31:44" hostname="aziz_ - AspireVeroA2G" id="Test Suites/GET Test Suite">
      <properties>
         <property name="deviceName" value=""/>
         <property name="devicePlatform" value=""/>
         <property name="logFolder" value="C:\\Users\\aziz_\\git\\katalon-taskapi-adrianAzizGunawan\\Reports\\20240212_153140\\GET Test Suite\\20240212_153140"/>
         <property name="logFiles" value="C:\\Users\\aziz_\\git\\katalon-taskapi-adrianAzizGunawan\\Reports\\20240212_153140\\GET Test Suite\\20240212_153140\\execution0.log"/>
         <property name="attachments" value=""/>
         <property name="hostName" value="aziz_ - AspireVeroA2G"/>
         <property name="hostAddress" value="172.16.213.227"/>
         <property name="os" value="Windows 11 64bit"/>
         <property name="katalonVersion" value="9.3.0.212"/>
      </properties>
      <testcase name="Test Cases/GET 01 - Get Single Data" time="5.223" classname="Test Cases/GET 01 - Get Single Data" status="PASSED">
         <system-out><![CDATA[12-02-2024T15:31:45 - [TEST_CASE][PASSED] - Test Cases/GET 01 - Get Single Data: Test Cases/GET 01 - Get Single Data

12-02-2024T15:31:45 - [TEST_STEP][PASSED] - response = sendRequest(findTestObject("Get Single Data")): Send request successfully

12-02-2024T15:31:48 - [MESSAGE][INFO] - HAR: C:\Users\aziz_\git\katalon-taskapi-adrianAzizGunawan\Reports\20240212_153140\GET Test Suite\20240212_153140\requests\main\0.har

12-02-2024T15:31:48 - [MESSAGE][PASSED] - Send request successfully

12-02-2024T15:31:48 - [TEST_STEP][PASSED] - verifyResponseStatusCode(response, 200): Verify response status code successfully

12-02-2024T15:31:48 - [MESSAGE][PASSED] - Verify response status code successfully

12-02-2024T15:31:48 - [TEST_STEP][PASSED] - verifyElementPropertyValue(response, "[0].id", "2"): Verify element property value successfully

12-02-2024T15:31:48 - [MESSAGE][PASSED] - Verify element property value successfully

12-02-2024T15:31:48 - [TEST_STEP][PASSED] - verifyElementPropertyValue(response, "[0].title", "qui est esse"): Verify element property value successfully

12-02-2024T15:31:48 - [MESSAGE][PASSED] - Verify element property value successfully

12-02-2024T15:31:50 - [TEST_STEP][PASSED] - Video: Video recording for test case 'Test Cases/GET 01 - Get Single Data' .

12-02-2024T15:31:50 - [MESSAGE][INFO] - Video recording for test case 'Test Cases/GET 01 - Get Single Data' .]]></system-out>
         <system-err><![CDATA[]]></system-err>
      </testcase>
      <testcase name="Test Cases/GET 02 - Get Multiple Data" time="2.931" classname="Test Cases/GET 02 - Get Multiple Data" status="PASSED">
         <system-out><![CDATA[12-02-2024T15:31:50 - [TEST_CASE][PASSED] - Test Cases/GET 02 - Get Multiple Data: Test Cases/GET 02 - Get Multiple Data

12-02-2024T15:31:50 - [TEST_STEP][PASSED] - response = sendRequest(findTestObject("Get Multiple Data")): Send request successfully

12-02-2024T15:31:50 - [MESSAGE][INFO] - HAR: C:\Users\aziz_\git\katalon-taskapi-adrianAzizGunawan\Reports\20240212_153140\GET Test Suite\20240212_153140\requests\main\1.har

12-02-2024T15:31:50 - [MESSAGE][PASSED] - Send request successfully

12-02-2024T15:31:50 - [TEST_STEP][PASSED] - jsonSlurper = new groovy.json.JsonSlurper(): null

12-02-2024T15:31:50 - [TEST_STEP][PASSED] - jsonResponse = jsonSlurper.parseText(response.getResponseText()): null

12-02-2024T15:31:50 - [TEST_STEP][PASSED] - verifyResponseStatusCode(response, 200): Verify response status code successfully

12-02-2024T15:31:50 - [MESSAGE][PASSED] - Verify response status code successfully

12-02-2024T15:31:50 - [TEST_STEP][PASSED] - for ([i = 0, i < length, (i++)]): Verify element property value successfully

12-02-2024T15:31:50 - [TEST_STEP][PASSED] - verifyElementPropertyValue(response, "[" + i + "].userId", "1"): Verify element property value successfully

12-02-2024T15:31:51 - [MESSAGE][PASSED] - Verify element property value successfully

12-02-2024T15:31:51 - [TEST_STEP][PASSED] - verifyElementPropertyValue(response, "[" + i + "].userId", "1"): Verify element property value successfully

12-02-2024T15:31:51 - [MESSAGE][PASSED] - Verify element property value successfully

12-02-2024T15:31:51 - [TEST_STEP][PASSED] - verifyElementPropertyValue(response, "[" + i + "].userId", "1"): Verify element property value successfully

12-02-2024T15:31:51 - [MESSAGE][PASSED] - Verify element property value successfully

12-02-2024T15:31:51 - [TEST_STEP][PASSED] - verifyElementPropertyValue(response, "[" + i + "].userId", "1"): Verify element property value successfully

12-02-2024T15:31:51 - [MESSAGE][PASSED] - Verify element property value successfully

12-02-2024T15:31:51 - [TEST_STEP][PASSED] - verifyElementPropertyValue(response, "[" + i + "].userId", "1"): Verify element property value successfully

12-02-2024T15:31:51 - [MESSAGE][PASSED] - Verify element property value successfully

12-02-2024T15:31:51 - [TEST_STEP][PASSED] - verifyElementPropertyValue(response, "[" + i + "].userId", "1"): Verify element property value successfully

12-02-2024T15:31:51 - [MESSAGE][PASSED] - Verify element property value successfully

12-02-2024T15:31:51 - [TEST_STEP][PASSED] - verifyElementPropertyValue(response, "[" + i + "].userId", "1"): Verify element property value successfully

12-02-2024T15:31:51 - [MESSAGE][PASSED] - Verify element property value successfully

12-02-2024T15:31:51 - [TEST_STEP][PASSED] - verifyElementPropertyValue(response, "[" + i + "].userId", "1"): Verify element property value successfully

12-02-2024T15:31:51 - [MESSAGE][PASSED] - Verify element property value successfully

12-02-2024T15:31:51 - [TEST_STEP][PASSED] - verifyElementPropertyValue(response, "[" + i + "].userId", "1"): Verify element property value successfully

12-02-2024T15:31:51 - [MESSAGE][PASSED] - Verify element property value successfully

12-02-2024T15:31:51 - [TEST_STEP][PASSED] - verifyElementPropertyValue(response, "[" + i + "].userId", "1"): Verify element property value successfully

12-02-2024T15:31:51 - [MESSAGE][PASSED] - Verify element property value successfully

12-02-2024T15:31:53 - [TEST_STEP][PASSED] - Video: Video recording for test case 'Test Cases/GET 02 - Get Multiple Data' .

12-02-2024T15:31:53 - [MESSAGE][INFO] - Video recording for test case 'Test Cases/GET 02 - Get Multiple Data' .]]></system-out>
         <system-err><![CDATA[]]></system-err>
      </testcase>
      <system-out><![CDATA[12-02-2024T15:31:44 - [TEST_SUITE][PASSED] - GET Test Suite: Test Cases/GET 02 - Get Multiple Data]]></system-out>
      <system-err><![CDATA[]]></system-err>
   </testsuite>
</testsuites>
